-------------------------------------------------------------------------------
Test set: com.mycompany.myapp.servicetest.ServiceTest
-------------------------------------------------------------------------------
Tests run: 4, Failures: 0, Errors: 4, Skipped: 0, Time elapsed: 3.38 sec <<< FAILURE!
getListTest(com.mycompany.myapp.servicetest.ServiceTest)  Time elapsed: 2.678 sec  <<< ERROR!
java.lang.IllegalStateException: Failed to load ApplicationContext
	at org.springframework.test.context.TestContext.getApplicationContext(TestContext.java:157)
	at org.springframework.test.context.support.DependencyInjectionTestExecutionListener.injectDependencies(DependencyInjectionTestExecutionListener.java:109)
	at org.springframework.test.context.support.DependencyInjectionTestExecutionListener.prepareTestInstance(DependencyInjectionTestExecutionListener.java:75)
	at org.springframework.test.context.TestContextManager.prepareTestInstance(TestContextManager.java:321)
	at org.springframework.test.context.junit4.SpringJUnit4ClassRunner.createTest(SpringJUnit4ClassRunner.java:211)
	at org.springframework.test.context.junit4.SpringJUnit4ClassRunner$1.runReflectiveCall(SpringJUnit4ClassRunner.java:288)
	at org.junit.internal.runners.model.ReflectiveCallable.run(ReflectiveCallable.java:12)
	at org.springframework.test.context.junit4.SpringJUnit4ClassRunner.methodBlock(SpringJUnit4ClassRunner.java:290)
	at org.springframework.test.context.junit4.SpringJUnit4ClassRunner.runChild(SpringJUnit4ClassRunner.java:231)
	at org.junit.runners.BlockJUnit4ClassRunner.runChild(BlockJUnit4ClassRunner.java:57)
	at org.junit.runners.ParentRunner$3.run(ParentRunner.java:290)
	at org.junit.runners.ParentRunner$1.schedule(ParentRunner.java:71)
	at org.junit.runners.ParentRunner.runChildren(ParentRunner.java:288)
	at org.junit.runners.ParentRunner.access$000(ParentRunner.java:58)
	at org.junit.runners.ParentRunner$2.evaluate(ParentRunner.java:268)
	at org.springframework.test.context.junit4.statements.RunBeforeTestClassCallbacks.evaluate(RunBeforeTestClassCallbacks.java:61)
	at org.springframework.test.context.junit4.statements.RunAfterTestClassCallbacks.evaluate(RunAfterTestClassCallbacks.java:71)
	at org.junit.runners.ParentRunner.run(ParentRunner.java:363)
	at org.springframework.test.context.junit4.SpringJUnit4ClassRunner.run(SpringJUnit4ClassRunner.java:174)
	at org.apache.maven.surefire.junit4.JUnit4Provider.execute(JUnit4Provider.java:252)
	at org.apache.maven.surefire.junit4.JUnit4Provider.executeTestSet(JUnit4Provider.java:141)
	at org.apache.maven.surefire.junit4.JUnit4Provider.invoke(JUnit4Provider.java:112)
	at sun.reflect.NativeMethodAccessorImpl.invoke0(Native Method)
	at sun.reflect.NativeMethodAccessorImpl.invoke(NativeMethodAccessorImpl.java:62)
	at sun.reflect.DelegatingMethodAccessorImpl.invoke(DelegatingMethodAccessorImpl.java:43)
	at java.lang.reflect.Method.invoke(Method.java:498)
	at org.apache.maven.surefire.util.ReflectionUtils.invokeMethodWithArray(ReflectionUtils.java:189)
	at org.apache.maven.surefire.booter.ProviderFactory$ProviderProxy.invoke(ProviderFactory.java:165)
	at org.apache.maven.surefire.booter.ProviderFactory.invokeProvider(ProviderFactory.java:85)
	at org.apache.maven.surefire.booter.ForkedBooter.runSuitesInProcess(ForkedBooter.java:115)
	at org.apache.maven.surefire.booter.ForkedBooter.main(ForkedBooter.java:75)
Caused by: org.springframework.beans.factory.BeanCreationException: Error creating bean with name 'BController' defined in file [C:\Users\bitcamp\git\gitpractice\g_board\target\classes\com\mycompany\myapp\controller\BController.class]: Instantiation of bean failed; nested exception is org.springframework.beans.BeanInstantiationException: Could not instantiate bean class [com.mycompany.myapp.controller.BController]: Constructor threw exception; nested exception is java.lang.Error: Unresolved compilation problems: 
	The import org.springframework.web.bind cannot be resolved
	The import org.springframework.web.bind cannot be resolved
	The import org.springframework.web.bind cannot be resolved
	RequestMapping cannot be resolved to a type
	RequestMapping cannot be resolved to a type
	RequestMapping cannot be resolved to a type
	RequestMethod cannot be resolved to a variable
	RequestMapping cannot be resolved to a type
	RequestMethod cannot be resolved to a variable
	RequestMapping cannot be resolved to a type
	RequestMapping cannot be resolved to a type
	RequestMapping cannot be resolved to a type
	RequestParam cannot be resolved to a type
	RequestMapping cannot be resolved to a type
	RequestParam cannot be resolved to a type
	RequestMapping cannot be resolved to a type
	RequestMapping cannot be resolved to a type
	RequestParam cannot be resolved to a type

	at org.springframework.beans.factory.support.AbstractAutowireCapableBeanFactory.instantiateBean(AbstractAutowireCapableBeanFactory.java:997)
	at org.springframework.beans.factory.support.AbstractAutowireCapableBeanFactory.createBeanInstance(AbstractAutowireCapableBeanFactory.java:943)
	at org.springframework.beans.factory.support.AbstractAutowireCapableBeanFactory.doCreateBean(AbstractAutowireCapableBeanFactory.java:485)
	at org.springframework.beans.factory.support.AbstractAutowireCapableBeanFactory.createBean(AbstractAutowireCapableBeanFactory.java:456)
	at org.springframework.beans.factory.support.AbstractBeanFactory$1.getObject(AbstractBeanFactory.java:294)
	at org.springframework.beans.factory.support.DefaultSingletonBeanRegistry.getSingleton(DefaultSingletonBeanRegistry.java:225)
	at org.springframework.beans.factory.support.AbstractBeanFactory.doGetBean(AbstractBeanFactory.java:291)
	at org.springframework.beans.factory.support.AbstractBeanFactory.getBean(AbstractBeanFactory.java:193)
	at org.springframework.beans.factory.support.DefaultListableBeanFactory.preInstantiateSingletons(DefaultListableBeanFactory.java:585)
	at org.springframework.context.support.AbstractApplicationContext.finishBeanFactoryInitialization(AbstractApplicationContext.java:913)
	at org.springframework.context.support.AbstractApplicationContext.refresh(AbstractApplicationContext.java:464)
	at org.springframework.test.context.support.AbstractGenericContextLoader.loadContext(AbstractGenericContextLoader.java:103)
	at org.springframework.test.context.support.AbstractGenericContextLoader.loadContext(AbstractGenericContextLoader.java:1)
	at org.springframework.test.context.support.DelegatingSmartContextLoader.loadContext(DelegatingSmartContextLoader.java:228)
	at org.springframework.test.context.TestContext.loadApplicationContext(TestContext.java:124)
	at org.springframework.test.context.TestContext.getApplicationContext(TestContext.java:148)
	... 30 more
Caused by: org.springframework.beans.BeanInstantiationException: Could not instantiate bean class [com.mycompany.myapp.controller.BController]: Constructor threw exception; nested exception is java.lang.Error: Unresolved compilation problems: 
	The import org.springframework.web.bind cannot be resolved
	The import org.springframework.web.bind cannot be resolved
	The import org.springframework.web.bind cannot be resolved
	RequestMapping cannot be resolved to a type
	RequestMapping cannot be resolved to a type
	RequestMapping cannot be resolved to a type
	RequestMethod cannot be resolved to a variable
	RequestMapping cannot be resolved to a type
	RequestMethod cannot be resolved to a variable
	RequestMapping cannot be resolved to a type
	RequestMapping cannot be resolved to a type
	RequestMapping cannot be resolved to a type
	RequestParam cannot be resolved to a type
	RequestMapping cannot be resolved to a type
	RequestParam cannot be resolved to a type
	RequestMapping cannot be resolved to a type
	RequestMapping cannot be resolved to a type
	RequestParam cannot be resolved to a type

	at org.springframework.beans.BeanUtils.instantiateClass(BeanUtils.java:162)
	at org.springframework.beans.factory.support.SimpleInstantiationStrategy.instantiate(SimpleInstantiationStrategy.java:76)
	at org.springframework.beans.factory.support.AbstractAutowireCapableBeanFactory.instantiateBean(AbstractAutowireCapableBeanFactory.java:990)
	... 45 more
Caused by: java.lang.Error: Unresolved compilation problems: 
	The import org.springframework.web.bind cannot be resolved
	The import org.springframework.web.bind cannot be resolved
	The import org.springframework.web.bind cannot be resolved
	RequestMapping cannot be resolved to a type
	RequestMapping cannot be resolved to a type
	RequestMapping cannot be resolved to a type
	RequestMethod cannot be resolved to a variable
	RequestMapping cannot be resolved to a type
	RequestMethod cannot be resolved to a variable
	RequestMapping cannot be resolved to a type
	RequestMapping cannot be resolved to a type
	RequestMapping cannot be resolved to a type
	RequestParam cannot be resolved to a type
	RequestMapping cannot be resolved to a type
	RequestParam cannot be resolved to a type
	RequestMapping cannot be resolved to a type
	RequestMapping cannot be resolved to a type
	RequestParam cannot be resolved to a type

	at com.mycompany.myapp.controller.BController.<init>(BController.java:8)
	at sun.reflect.NativeConstructorAccessorImpl.newInstance0(Native Method)
	at sun.reflect.NativeConstructorAccessorImpl.newInstance(NativeConstructorAccessorImpl.java:62)
	at sun.reflect.DelegatingConstructorAccessorImpl.newInstance(DelegatingConstructorAccessorImpl.java:45)
	at java.lang.reflect.Constructor.newInstance(Constructor.java:423)
	at org.springframework.beans.BeanUtils.instantiateClass(BeanUtils.java:147)
	... 47 more

readTest(com.mycompany.myapp.servicetest.ServiceTest)  Time elapsed: 0.181 sec  <<< ERROR!
java.lang.IllegalStateException: Failed to load ApplicationContext
	at org.springframework.test.context.TestContext.getApplicationContext(TestContext.java:157)
	at org.springframework.test.context.support.DependencyInjectionTestExecutionListener.injectDependencies(DependencyInjectionTestExecutionListener.java:109)
	at org.springframework.test.context.support.DependencyInjectionTestExecutionListener.prepareTestInstance(DependencyInjectionTestExecutionListener.java:75)
	at org.springframework.test.context.TestContextManager.prepareTestInstance(TestContextManager.java:321)
	at org.springframework.test.context.junit4.SpringJUnit4ClassRunner.createTest(SpringJUnit4ClassRunner.java:211)
	at org.springframework.test.context.junit4.SpringJUnit4ClassRunner$1.runReflectiveCall(SpringJUnit4ClassRunner.java:288)
	at org.junit.internal.runners.model.ReflectiveCallable.run(ReflectiveCallable.java:12)
	at org.springframework.test.context.junit4.SpringJUnit4ClassRunner.methodBlock(SpringJUnit4ClassRunner.java:290)
	at org.springframework.test.context.junit4.SpringJUnit4ClassRunner.runChild(SpringJUnit4ClassRunner.java:231)
	at org.junit.runners.BlockJUnit4ClassRunner.runChild(BlockJUnit4ClassRunner.java:57)
	at org.junit.runners.ParentRunner$3.run(ParentRunner.java:290)
	at org.junit.runners.ParentRunner$1.schedule(ParentRunner.java:71)
	at org.junit.runners.ParentRunner.runChildren(ParentRunner.java:288)
	at org.junit.runners.ParentRunner.access$000(ParentRunner.java:58)
	at org.junit.runners.ParentRunner$2.evaluate(ParentRunner.java:268)
	at org.springframework.test.context.junit4.statements.RunBeforeTestClassCallbacks.evaluate(RunBeforeTestClassCallbacks.java:61)
	at org.springframework.test.context.junit4.statements.RunAfterTestClassCallbacks.evaluate(RunAfterTestClassCallbacks.java:71)
	at org.junit.runners.ParentRunner.run(ParentRunner.java:363)
	at org.springframework.test.context.junit4.SpringJUnit4ClassRunner.run(SpringJUnit4ClassRunner.java:174)
	at org.apache.maven.surefire.junit4.JUnit4Provider.execute(JUnit4Provider.java:252)
	at org.apache.maven.surefire.junit4.JUnit4Provider.executeTestSet(JUnit4Provider.java:141)
	at org.apache.maven.surefire.junit4.JUnit4Provider.invoke(JUnit4Provider.java:112)
	at sun.reflect.NativeMethodAccessorImpl.invoke0(Native Method)
	at sun.reflect.NativeMethodAccessorImpl.invoke(NativeMethodAccessorImpl.java:62)
	at sun.reflect.DelegatingMethodAccessorImpl.invoke(DelegatingMethodAccessorImpl.java:43)
	at java.lang.reflect.Method.invoke(Method.java:498)
	at org.apache.maven.surefire.util.ReflectionUtils.invokeMethodWithArray(ReflectionUtils.java:189)
	at org.apache.maven.surefire.booter.ProviderFactory$ProviderProxy.invoke(ProviderFactory.java:165)
	at org.apache.maven.surefire.booter.ProviderFactory.invokeProvider(ProviderFactory.java:85)
	at org.apache.maven.surefire.booter.ForkedBooter.runSuitesInProcess(ForkedBooter.java:115)
	at org.apache.maven.surefire.booter.ForkedBooter.main(ForkedBooter.java:75)
Caused by: org.springframework.beans.factory.BeanCreationException: Error creating bean with name 'BController' defined in file [C:\Users\bitcamp\git\gitpractice\g_board\target\classes\com\mycompany\myapp\controller\BController.class]: Instantiation of bean failed; nested exception is org.springframework.beans.BeanInstantiationException: Could not instantiate bean class [com.mycompany.myapp.controller.BController]: Constructor threw exception; nested exception is java.lang.Error: Unresolved compilation problems: 
	The import org.springframework.web.bind cannot be resolved
	The import org.springframework.web.bind cannot be resolved
	The import org.springframework.web.bind cannot be resolved
	RequestMapping cannot be resolved to a type
	RequestMapping cannot be resolved to a type
	RequestMapping cannot be resolved to a type
	RequestMethod cannot be resolved to a variable
	RequestMapping cannot be resolved to a type
	RequestMethod cannot be resolved to a variable
	RequestMapping cannot be resolved to a type
	RequestMapping cannot be resolved to a type
	RequestMapping cannot be resolved to a type
	RequestParam cannot be resolved to a type
	RequestMapping cannot be resolved to a type
	RequestParam cannot be resolved to a type
	RequestMapping cannot be resolved to a type
	RequestMapping cannot be resolved to a type
	RequestParam cannot be resolved to a type

	at org.springframework.beans.factory.support.AbstractAutowireCapableBeanFactory.instantiateBean(AbstractAutowireCapableBeanFactory.java:997)
	at org.springframework.beans.factory.support.AbstractAutowireCapableBeanFactory.createBeanInstance(AbstractAutowireCapableBeanFactory.java:943)
	at org.springframework.beans.factory.support.AbstractAutowireCapableBeanFactory.doCreateBean(AbstractAutowireCapableBeanFactory.java:485)
	at org.springframework.beans.factory.support.AbstractAutowireCapableBeanFactory.createBean(AbstractAutowireCapableBeanFactory.java:456)
	at org.springframework.beans.factory.support.AbstractBeanFactory$1.getObject(AbstractBeanFactory.java:294)
	at org.springframework.beans.factory.support.DefaultSingletonBeanRegistry.getSingleton(DefaultSingletonBeanRegistry.java:225)
	at org.springframework.beans.factory.support.AbstractBeanFactory.doGetBean(AbstractBeanFactory.java:291)
	at org.springframework.beans.factory.support.AbstractBeanFactory.getBean(AbstractBeanFactory.java:193)
	at org.springframework.beans.factory.support.DefaultListableBeanFactory.preInstantiateSingletons(DefaultListableBeanFactory.java:585)
	at org.springframework.context.support.AbstractApplicationContext.finishBeanFactoryInitialization(AbstractApplicationContext.java:913)
	at org.springframework.context.support.AbstractApplicationContext.refresh(AbstractApplicationContext.java:464)
	at org.springframework.test.context.support.AbstractGenericContextLoader.loadContext(AbstractGenericContextLoader.java:103)
	at org.springframework.test.context.support.AbstractGenericContextLoader.loadContext(AbstractGenericContextLoader.java:1)
	at org.springframework.test.context.support.DelegatingSmartContextLoader.loadContext(DelegatingSmartContextLoader.java:228)
	at org.springframework.test.context.TestContext.loadApplicationContext(TestContext.java:124)
	at org.springframework.test.context.TestContext.getApplicationContext(TestContext.java:148)
	... 30 more
Caused by: org.springframework.beans.BeanInstantiationException: Could not instantiate bean class [com.mycompany.myapp.controller.BController]: Constructor threw exception; nested exception is java.lang.Error: Unresolved compilation problems: 
	The import org.springframework.web.bind cannot be resolved
	The import org.springframework.web.bind cannot be resolved
	The import org.springframework.web.bind cannot be resolved
	RequestMapping cannot be resolved to a type
	RequestMapping cannot be resolved to a type
	RequestMapping cannot be resolved to a type
	RequestMethod cannot be resolved to a variable
	RequestMapping cannot be resolved to a type
	RequestMethod cannot be resolved to a variable
	RequestMapping cannot be resolved to a type
	RequestMapping cannot be resolved to a type
	RequestMapping cannot be resolved to a type
	RequestParam cannot be resolved to a type
	RequestMapping cannot be resolved to a type
	RequestParam cannot be resolved to a type
	RequestMapping cannot be resolved to a type
	RequestMapping cannot be resolved to a type
	RequestParam cannot be resolved to a type

	at org.springframework.beans.BeanUtils.instantiateClass(BeanUtils.java:162)
	at org.springframework.beans.factory.support.SimpleInstantiationStrategy.instantiate(SimpleInstantiationStrategy.java:76)
	at org.springframework.beans.factory.support.AbstractAutowireCapableBeanFactory.instantiateBean(AbstractAutowireCapableBeanFactory.java:990)
	... 45 more
Caused by: java.lang.Error: Unresolved compilation problems: 
	The import org.springframework.web.bind cannot be resolved
	The import org.springframework.web.bind cannot be resolved
	The import org.springframework.web.bind cannot be resolved
	RequestMapping cannot be resolved to a type
	RequestMapping cannot be resolved to a type
	RequestMapping cannot be resolved to a type
	RequestMethod cannot be resolved to a variable
	RequestMapping cannot be resolved to a type
	RequestMethod cannot be resolved to a variable
	RequestMapping cannot be resolved to a type
	RequestMapping cannot be resolved to a type
	RequestMapping cannot be resolved to a type
	RequestParam cannot be resolved to a type
	RequestMapping cannot be resolved to a type
	RequestParam cannot be resolved to a type
	RequestMapping cannot be resolved to a type
	RequestMapping cannot be resolved to a type
	RequestParam cannot be resolved to a type

	at com.mycompany.myapp.controller.BController.<init>(BController.java:8)
	at sun.reflect.NativeConstructorAccessorImpl.newInstance0(Native Method)
	at sun.reflect.NativeConstructorAccessorImpl.newInstance(NativeConstructorAccessorImpl.java:62)
	at sun.reflect.DelegatingConstructorAccessorImpl.newInstance(DelegatingConstructorAccessorImpl.java:45)
	at java.lang.reflect.Constructor.newInstance(Constructor.java:423)
	at org.springframework.beans.BeanUtils.instantiateClass(BeanUtils.java:147)
	... 47 more

modifyTest(com.mycompany.myapp.servicetest.ServiceTest)  Time elapsed: 0.16 sec  <<< ERROR!
java.lang.IllegalStateException: Failed to load ApplicationContext
	at org.springframework.test.context.TestContext.getApplicationContext(TestContext.java:157)
	at org.springframework.test.context.support.DependencyInjectionTestExecutionListener.injectDependencies(DependencyInjectionTestExecutionListener.java:109)
	at org.springframework.test.context.support.DependencyInjectionTestExecutionListener.prepareTestInstance(DependencyInjectionTestExecutionListener.java:75)
	at org.springframework.test.context.TestContextManager.prepareTestInstance(TestContextManager.java:321)
	at org.springframework.test.context.junit4.SpringJUnit4ClassRunner.createTest(SpringJUnit4ClassRunner.java:211)
	at org.springframework.test.context.junit4.SpringJUnit4ClassRunner$1.runReflectiveCall(SpringJUnit4ClassRunner.java:288)
	at org.junit.internal.runners.model.ReflectiveCallable.run(ReflectiveCallable.java:12)
	at org.springframework.test.context.junit4.SpringJUnit4ClassRunner.methodBlock(SpringJUnit4ClassRunner.java:290)
	at org.springframework.test.context.junit4.SpringJUnit4ClassRunner.runChild(SpringJUnit4ClassRunner.java:231)
	at org.junit.runners.BlockJUnit4ClassRunner.runChild(BlockJUnit4ClassRunner.java:57)
	at org.junit.runners.ParentRunner$3.run(ParentRunner.java:290)
	at org.junit.runners.ParentRunner$1.schedule(ParentRunner.java:71)
	at org.junit.runners.ParentRunner.runChildren(ParentRunner.java:288)
	at org.junit.runners.ParentRunner.access$000(ParentRunner.java:58)
	at org.junit.runners.ParentRunner$2.evaluate(ParentRunner.java:268)
	at org.springframework.test.context.junit4.statements.RunBeforeTestClassCallbacks.evaluate(RunBeforeTestClassCallbacks.java:61)
	at org.springframework.test.context.junit4.statements.RunAfterTestClassCallbacks.evaluate(RunAfterTestClassCallbacks.java:71)
	at org.junit.runners.ParentRunner.run(ParentRunner.java:363)
	at org.springframework.test.context.junit4.SpringJUnit4ClassRunner.run(SpringJUnit4ClassRunner.java:174)
	at org.apache.maven.surefire.junit4.JUnit4Provider.execute(JUnit4Provider.java:252)
	at org.apache.maven.surefire.junit4.JUnit4Provider.executeTestSet(JUnit4Provider.java:141)
	at org.apache.maven.surefire.junit4.JUnit4Provider.invoke(JUnit4Provider.java:112)
	at sun.reflect.NativeMethodAccessorImpl.invoke0(Native Method)
	at sun.reflect.NativeMethodAccessorImpl.invoke(NativeMethodAccessorImpl.java:62)
	at sun.reflect.DelegatingMethodAccessorImpl.invoke(DelegatingMethodAccessorImpl.java:43)
	at java.lang.reflect.Method.invoke(Method.java:498)
	at org.apache.maven.surefire.util.ReflectionUtils.invokeMethodWithArray(ReflectionUtils.java:189)
	at org.apache.maven.surefire.booter.ProviderFactory$ProviderProxy.invoke(ProviderFactory.java:165)
	at org.apache.maven.surefire.booter.ProviderFactory.invokeProvider(ProviderFactory.java:85)
	at org.apache.maven.surefire.booter.ForkedBooter.runSuitesInProcess(ForkedBooter.java:115)
	at org.apache.maven.surefire.booter.ForkedBooter.main(ForkedBooter.java:75)
Caused by: org.springframework.beans.factory.BeanCreationException: Error creating bean with name 'BController' defined in file [C:\Users\bitcamp\git\gitpractice\g_board\target\classes\com\mycompany\myapp\controller\BController.class]: Instantiation of bean failed; nested exception is org.springframework.beans.BeanInstantiationException: Could not instantiate bean class [com.mycompany.myapp.controller.BController]: Constructor threw exception; nested exception is java.lang.Error: Unresolved compilation problems: 
	The import org.springframework.web.bind cannot be resolved
	The import org.springframework.web.bind cannot be resolved
	The import org.springframework.web.bind cannot be resolved
	RequestMapping cannot be resolved to a type
	RequestMapping cannot be resolved to a type
	RequestMapping cannot be resolved to a type
	RequestMethod cannot be resolved to a variable
	RequestMapping cannot be resolved to a type
	RequestMethod cannot be resolved to a variable
	RequestMapping cannot be resolved to a type
	RequestMapping cannot be resolved to a type
	RequestMapping cannot be resolved to a type
	RequestParam cannot be resolved to a type
	RequestMapping cannot be resolved to a type
	RequestParam cannot be resolved to a type
	RequestMapping cannot be resolved to a type
	RequestMapping cannot be resolved to a type
	RequestParam cannot be resolved to a type

	at org.springframework.beans.factory.support.AbstractAutowireCapableBeanFactory.instantiateBean(AbstractAutowireCapableBeanFactory.java:997)
	at org.springframework.beans.factory.support.AbstractAutowireCapableBeanFactory.createBeanInstance(AbstractAutowireCapableBeanFactory.java:943)
	at org.springframework.beans.factory.support.AbstractAutowireCapableBeanFactory.doCreateBean(AbstractAutowireCapableBeanFactory.java:485)
	at org.springframework.beans.factory.support.AbstractAutowireCapableBeanFactory.createBean(AbstractAutowireCapableBeanFactory.java:456)
	at org.springframework.beans.factory.support.AbstractBeanFactory$1.getObject(AbstractBeanFactory.java:294)
	at org.springframework.beans.factory.support.DefaultSingletonBeanRegistry.getSingleton(DefaultSingletonBeanRegistry.java:225)
	at org.springframework.beans.factory.support.AbstractBeanFactory.doGetBean(AbstractBeanFactory.java:291)
	at org.springframework.beans.factory.support.AbstractBeanFactory.getBean(AbstractBeanFactory.java:193)
	at org.springframework.beans.factory.support.DefaultListableBeanFactory.preInstantiateSingletons(DefaultListableBeanFactory.java:585)
	at org.springframework.context.support.AbstractApplicationContext.finishBeanFactoryInitialization(AbstractApplicationContext.java:913)
	at org.springframework.context.support.AbstractApplicationContext.refresh(AbstractApplicationContext.java:464)
	at org.springframework.test.context.support.AbstractGenericContextLoader.loadContext(AbstractGenericContextLoader.java:103)
	at org.springframework.test.context.support.AbstractGenericContextLoader.loadContext(AbstractGenericContextLoader.java:1)
	at org.springframework.test.context.support.DelegatingSmartContextLoader.loadContext(DelegatingSmartContextLoader.java:228)
	at org.springframework.test.context.TestContext.loadApplicationContext(TestContext.java:124)
	at org.springframework.test.context.TestContext.getApplicationContext(TestContext.java:148)
	... 30 more
Caused by: org.springframework.beans.BeanInstantiationException: Could not instantiate bean class [com.mycompany.myapp.controller.BController]: Constructor threw exception; nested exception is java.lang.Error: Unresolved compilation problems: 
	The import org.springframework.web.bind cannot be resolved
	The import org.springframework.web.bind cannot be resolved
	The import org.springframework.web.bind cannot be resolved
	RequestMapping cannot be resolved to a type
	RequestMapping cannot be resolved to a type
	RequestMapping cannot be resolved to a type
	RequestMethod cannot be resolved to a variable
	RequestMapping cannot be resolved to a type
	RequestMethod cannot be resolved to a variable
	RequestMapping cannot be resolved to a type
	RequestMapping cannot be resolved to a type
	RequestMapping cannot be resolved to a type
	RequestParam cannot be resolved to a type
	RequestMapping cannot be resolved to a type
	RequestParam cannot be resolved to a type
	RequestMapping cannot be resolved to a type
	RequestMapping cannot be resolved to a type
	RequestParam cannot be resolved to a type

	at org.springframework.beans.BeanUtils.instantiateClass(BeanUtils.java:162)
	at org.springframework.beans.factory.support.SimpleInstantiationStrategy.instantiate(SimpleInstantiationStrategy.java:76)
	at org.springframework.beans.factory.support.AbstractAutowireCapableBeanFactory.instantiateBean(AbstractAutowireCapableBeanFactory.java:990)
	... 45 more
Caused by: java.lang.Error: Unresolved compilation problems: 
	The import org.springframework.web.bind cannot be resolved
	The import org.springframework.web.bind cannot be resolved
	The import org.springframework.web.bind cannot be resolved
	RequestMapping cannot be resolved to a type
	RequestMapping cannot be resolved to a type
	RequestMapping cannot be resolved to a type
	RequestMethod cannot be resolved to a variable
	RequestMapping cannot be resolved to a type
	RequestMethod cannot be resolved to a variable
	RequestMapping cannot be resolved to a type
	RequestMapping cannot be resolved to a type
	RequestMapping cannot be resolved to a type
	RequestParam cannot be resolved to a type
	RequestMapping cannot be resolved to a type
	RequestParam cannot be resolved to a type
	RequestMapping cannot be resolved to a type
	RequestMapping cannot be resolved to a type
	RequestParam cannot be resolved to a type

	at com.mycompany.myapp.controller.BController.<init>(BController.java:8)
	at sun.reflect.NativeConstructorAccessorImpl.newInstance0(Native Method)
	at sun.reflect.NativeConstructorAccessorImpl.newInstance(NativeConstructorAccessorImpl.java:62)
	at sun.reflect.DelegatingConstructorAccessorImpl.newInstance(DelegatingConstructorAccessorImpl.java:45)
	at java.lang.reflect.Constructor.newInstance(Constructor.java:423)
	at org.springframework.beans.BeanUtils.instantiateClass(BeanUtils.java:147)
	... 47 more

deleteTest(com.mycompany.myapp.servicetest.ServiceTest)  Time elapsed: 0.156 sec  <<< ERROR!
java.lang.IllegalStateException: Failed to load ApplicationContext
	at org.springframework.test.context.TestContext.getApplicationContext(TestContext.java:157)
	at org.springframework.test.context.support.DependencyInjectionTestExecutionListener.injectDependencies(DependencyInjectionTestExecutionListener.java:109)
	at org.springframework.test.context.support.DependencyInjectionTestExecutionListener.prepareTestInstance(DependencyInjectionTestExecutionListener.java:75)
	at org.springframework.test.context.TestContextManager.prepareTestInstance(TestContextManager.java:321)
	at org.springframework.test.context.junit4.SpringJUnit4ClassRunner.createTest(SpringJUnit4ClassRunner.java:211)
	at org.springframework.test.context.junit4.SpringJUnit4ClassRunner$1.runReflectiveCall(SpringJUnit4ClassRunner.java:288)
	at org.junit.internal.runners.model.ReflectiveCallable.run(ReflectiveCallable.java:12)
	at org.springframework.test.context.junit4.SpringJUnit4ClassRunner.methodBlock(SpringJUnit4ClassRunner.java:290)
	at org.springframework.test.context.junit4.SpringJUnit4ClassRunner.runChild(SpringJUnit4ClassRunner.java:231)
	at org.junit.runners.BlockJUnit4ClassRunner.runChild(BlockJUnit4ClassRunner.java:57)
	at org.junit.runners.ParentRunner$3.run(ParentRunner.java:290)
	at org.junit.runners.ParentRunner$1.schedule(ParentRunner.java:71)
	at org.junit.runners.ParentRunner.runChildren(ParentRunner.java:288)
	at org.junit.runners.ParentRunner.access$000(ParentRunner.java:58)
	at org.junit.runners.ParentRunner$2.evaluate(ParentRunner.java:268)
	at org.springframework.test.context.junit4.statements.RunBeforeTestClassCallbacks.evaluate(RunBeforeTestClassCallbacks.java:61)
	at org.springframework.test.context.junit4.statements.RunAfterTestClassCallbacks.evaluate(RunAfterTestClassCallbacks.java:71)
	at org.junit.runners.ParentRunner.run(ParentRunner.java:363)
	at org.springframework.test.context.junit4.SpringJUnit4ClassRunner.run(SpringJUnit4ClassRunner.java:174)
	at org.apache.maven.surefire.junit4.JUnit4Provider.execute(JUnit4Provider.java:252)
	at org.apache.maven.surefire.junit4.JUnit4Provider.executeTestSet(JUnit4Provider.java:141)
	at org.apache.maven.surefire.junit4.JUnit4Provider.invoke(JUnit4Provider.java:112)
	at sun.reflect.NativeMethodAccessorImpl.invoke0(Native Method)
	at sun.reflect.NativeMethodAccessorImpl.invoke(NativeMethodAccessorImpl.java:62)
	at sun.reflect.DelegatingMethodAccessorImpl.invoke(DelegatingMethodAccessorImpl.java:43)
	at java.lang.reflect.Method.invoke(Method.java:498)
	at org.apache.maven.surefire.util.ReflectionUtils.invokeMethodWithArray(ReflectionUtils.java:189)
	at org.apache.maven.surefire.booter.ProviderFactory$ProviderProxy.invoke(ProviderFactory.java:165)
	at org.apache.maven.surefire.booter.ProviderFactory.invokeProvider(ProviderFactory.java:85)
	at org.apache.maven.surefire.booter.ForkedBooter.runSuitesInProcess(ForkedBooter.java:115)
	at org.apache.maven.surefire.booter.ForkedBooter.main(ForkedBooter.java:75)
Caused by: org.springframework.beans.factory.BeanCreationException: Error creating bean with name 'BController' defined in file [C:\Users\bitcamp\git\gitpractice\g_board\target\classes\com\mycompany\myapp\controller\BController.class]: Instantiation of bean failed; nested exception is org.springframework.beans.BeanInstantiationException: Could not instantiate bean class [com.mycompany.myapp.controller.BController]: Constructor threw exception; nested exception is java.lang.Error: Unresolved compilation problems: 
	The import org.springframework.web.bind cannot be resolved
	The import org.springframework.web.bind cannot be resolved
	The import org.springframework.web.bind cannot be resolved
	RequestMapping cannot be resolved to a type
	RequestMapping cannot be resolved to a type
	RequestMapping cannot be resolved to a type
	RequestMethod cannot be resolved to a variable
	RequestMapping cannot be resolved to a type
	RequestMethod cannot be resolved to a variable
	RequestMapping cannot be resolved to a type
	RequestMapping cannot be resolved to a type
	RequestMapping cannot be resolved to a type
	RequestParam cannot be resolved to a type
	RequestMapping cannot be resolved to a type
	RequestParam cannot be resolved to a type
	RequestMapping cannot be resolved to a type
	RequestMapping cannot be resolved to a type
	RequestParam cannot be resolved to a type

	at org.springframework.beans.factory.support.AbstractAutowireCapableBeanFactory.instantiateBean(AbstractAutowireCapableBeanFactory.java:997)
	at org.springframework.beans.factory.support.AbstractAutowireCapableBeanFactory.createBeanInstance(AbstractAutowireCapableBeanFactory.java:943)
	at org.springframework.beans.factory.support.AbstractAutowireCapableBeanFactory.doCreateBean(AbstractAutowireCapableBeanFactory.java:485)
	at org.springframework.beans.factory.support.AbstractAutowireCapableBeanFactory.createBean(AbstractAutowireCapableBeanFactory.java:456)
	at org.springframework.beans.factory.support.AbstractBeanFactory$1.getObject(AbstractBeanFactory.java:294)
	at org.springframework.beans.factory.support.DefaultSingletonBeanRegistry.getSingleton(DefaultSingletonBeanRegistry.java:225)
	at org.springframework.beans.factory.support.AbstractBeanFactory.doGetBean(AbstractBeanFactory.java:291)
	at org.springframework.beans.factory.support.AbstractBeanFactory.getBean(AbstractBeanFactory.java:193)
	at org.springframework.beans.factory.support.DefaultListableBeanFactory.preInstantiateSingletons(DefaultListableBeanFactory.java:585)
	at org.springframework.context.support.AbstractApplicationContext.finishBeanFactoryInitialization(AbstractApplicationContext.java:913)
	at org.springframework.context.support.AbstractApplicationContext.refresh(AbstractApplicationContext.java:464)
	at org.springframework.test.context.support.AbstractGenericContextLoader.loadContext(AbstractGenericContextLoader.java:103)
	at org.springframework.test.context.support.AbstractGenericContextLoader.loadContext(AbstractGenericContextLoader.java:1)
	at org.springframework.test.context.support.DelegatingSmartContextLoader.loadContext(DelegatingSmartContextLoader.java:228)
	at org.springframework.test.context.TestContext.loadApplicationContext(TestContext.java:124)
	at org.springframework.test.context.TestContext.getApplicationContext(TestContext.java:148)
	... 30 more
Caused by: org.springframework.beans.BeanInstantiationException: Could not instantiate bean class [com.mycompany.myapp.controller.BController]: Constructor threw exception; nested exception is java.lang.Error: Unresolved compilation problems: 
	The import org.springframework.web.bind cannot be resolved
	The import org.springframework.web.bind cannot be resolved
	The import org.springframework.web.bind cannot be resolved
	RequestMapping cannot be resolved to a type
	RequestMapping cannot be resolved to a type
	RequestMapping cannot be resolved to a type
	RequestMethod cannot be resolved to a variable
	RequestMapping cannot be resolved to a type
	RequestMethod cannot be resolved to a variable
	RequestMapping cannot be resolved to a type
	RequestMapping cannot be resolved to a type
	RequestMapping cannot be resolved to a type
	RequestParam cannot be resolved to a type
	RequestMapping cannot be resolved to a type
	RequestParam cannot be resolved to a type
	RequestMapping cannot be resolved to a type
	RequestMapping cannot be resolved to a type
	RequestParam cannot be resolved to a type

	at org.springframework.beans.BeanUtils.instantiateClass(BeanUtils.java:162)
	at org.springframework.beans.factory.support.SimpleInstantiationStrategy.instantiate(SimpleInstantiationStrategy.java:76)
	at org.springframework.beans.factory.support.AbstractAutowireCapableBeanFactory.instantiateBean(AbstractAutowireCapableBeanFactory.java:990)
	... 45 more
Caused by: java.lang.Error: Unresolved compilation problems: 
	The import org.springframework.web.bind cannot be resolved
	The import org.springframework.web.bind cannot be resolved
	The import org.springframework.web.bind cannot be resolved
	RequestMapping cannot be resolved to a type
	RequestMapping cannot be resolved to a type
	RequestMapping cannot be resolved to a type
	RequestMethod cannot be resolved to a variable
	RequestMapping cannot be resolved to a type
	RequestMethod cannot be resolved to a variable
	RequestMapping cannot be resolved to a type
	RequestMapping cannot be resolved to a type
	RequestMapping cannot be resolved to a type
	RequestParam cannot be resolved to a type
	RequestMapping cannot be resolved to a type
	RequestParam cannot be resolved to a type
	RequestMapping cannot be resolved to a type
	RequestMapping cannot be resolved to a type
	RequestParam cannot be resolved to a type

	at com.mycompany.myapp.controller.BController.<init>(BController.java:8)
	at sun.reflect.NativeConstructorAccessorImpl.newInstance0(Native Method)
	at sun.reflect.NativeConstructorAccessorImpl.newInstance(NativeConstructorAccessorImpl.java:62)
	at sun.reflect.DelegatingConstructorAccessorImpl.newInstance(DelegatingConstructorAccessorImpl.java:45)
	at java.lang.reflect.Constructor.newInstance(Constructor.java:423)
	at org.springframework.beans.BeanUtils.instantiateClass(BeanUtils.java:147)
	... 47 more

